<?xml version="1.0" encoding="utf-8"?><testsuites name="pytest tests"><testsuite name="pytest" errors="0" failures="0" skipped="0" tests="6" time="1.381" timestamp="2026-09-21T17:14:19.790568+00:00" hostname="agent-env-2ec67676-3be4-454c-8bd3-93d7a9c75ff3"><testcase classname="tests.test_perchpoint_api" name="test_health_endpoint" time="0.373" /><testcase classname="tests.test_perchpoint_api" name="test_properties_endpoint" time="0.087" /><testcase classname="tests.test_perchpoint_api" name="test_create_showing_lead" time="0.108" /><testcase classname="tests.test_perchpoint_api" name="test_create_application_interest_lead" time="0.137" /><testcase classname="tests.test_perchpoint_api" name="test_create_maintenance_request" time="0.117" /><testcase classname="tests.test_perchpoint_api" name="test_maintenance_validation_error" time="0.066" /></testsuite></testsuites>