<?xml version="1.0" encoding="utf-8"?><testsuites name="pytest tests"><testsuite name="pytest" errors="0" failures="0" skipped="0" tests="26" time="1.443" timestamp="2026-09-21T18:49:46.355115+00:00" hostname="agent-env-2ec67676-3be4-454c-8bd3-93d7a9c75ff3"><testcase classname="tests.test_foundation_contracts" name="test_generated_schemas_and_fixtures_validate" time="0.056" /><testcase classname="tests.test_perchpoint_api" name="test_health_endpoint" time="0.220" /><testcase classname="tests.test_foundation_contracts" name="test_portfolio_duplicate_global_ids_rejected" time="0.002" /><testcase classname="tests.test_foundation_contracts" name="test_portfolio_cross_org_ownership_rejected" time="0.002" /><testcase classname="tests.test_foundation_contracts" name="test_portfolio_wrong_property_building_unit_asset_links_rejected" time="0.006" /><testcase classname="tests.test_foundation_contracts" name="test_unit_terms_exclusivity_enforced" time="0.001" /><testcase classname="tests.test_foundation_contracts" name="test_property_shape_capacities_enforced[single_family-shape mismatch]" time="0.002" /><testcase classname="tests.test_foundation_contracts" name="test_property_shape_capacities_enforced[duplex-shape mismatch]" time="0.002" /><testcase classname="tests.test_foundation_contracts" name="test_property_shape_capacities_enforced[triplex-shape mismatch]" time="0.002" /><testcase classname="tests.test_foundation_contracts" name="test_people_account_sharing_and_age_constraints_enforced" time="0.002" /><testcase classname="tests.test_foundation_contracts" name="test_people_primary_household_and_cross_org_constraints_enforced" time="0.002" /><testcase classname="tests.test_foundation_contracts" name="test_seed_generation_is_deterministic" time="0.005" /><testcase classname="tests.test_foundation_contracts" name="test_permission_matrix_csv_complete_with_unique_tuples" time="0.018" /><testcase classname="tests.test_foundation_contracts" name="test_permission_matrix_role_boundaries_and_denials" time="0.014" /><testcase classname="tests.test_foundation_contracts" name="test_delegation_scenarios_cover_threshold_scope_and_revision_cases" time="0.001" /><testcase classname="tests.test_foundation_contracts" name="test_disconnected_adapter_and_workflow_contract_guards" time="0.000" /><testcase classname="tests.test_foundation_contracts" name="test_migration_fixture_report_is_stable_and_no_writes" time="0.001" /><testcase classname="tests.test_foundation_contracts" name="test_malformed_csv_is_rejected" time="0.001" /><testcase classname="tests.test_perchpoint_api" name="test_properties_endpoint" time="0.081" /><testcase classname="tests.test_perchpoint_api" name="test_create_showing_lead" time="0.087" /><testcase classname="tests.test_perchpoint_api" name="test_create_application_interest_lead" time="0.079" /><testcase classname="tests.test_perchpoint_api" name="test_create_maintenance_request" time="0.091" /><testcase classname="tests.test_perchpoint_api" name="test_create_lead_rejects_unit_property_mismatch" time="0.202" /><testcase classname="tests.test_perchpoint_api" name="test_lead_rejects_non_example_domain" time="0.088" /><testcase classname="tests.test_perchpoint_api" name="test_auth_endpoint_absent_by_design" time="0.087" /><testcase classname="tests.test_perchpoint_api" name="test_maintenance_validation_error" time="0.077" /></testsuite></testsuites>